Using pre-set license
Built from '2022.3/staging' branch; Version is '2022.3.4f1 (35713cd46cd7) revision 3502396'; Using compiler version '192829333'; Build Type 'Release'
OS: 'Windows 11  (10.0.22631) 64bit Core' Language: 'ko' Physical Memory: 32471 MB
BatchMode: 1, IsHumanControllingUs: 0, StartBugReporterOnCrash: 0, Is64bit: 1, IsPro: 1

COMMAND LINE ARGUMENTS:
C:\Program Files\Unity 2022.3.4f1\Editor\Unity.exe
-adb2
-batchMode
-noUpm
-name
AssetImportWorker7
-projectPath
C:/Users/msi/Documents/SBS Academy/Photon-Netowrk/Photon Example
-logFile
Logs/AssetImportWorker7.log
-srvPort
8047
Successfully changed project path to: C:/Users/msi/Documents/SBS Academy/Photon-Netowrk/Photon Example
C:/Users/msi/Documents/SBS Academy/Photon-Netowrk/Photon Example
[UnityMemory] Configuration Parameters - Can be set up in boot.config
    "memorysetup-bucket-allocator-granularity=16"
    "memorysetup-bucket-allocator-bucket-count=8"
    "memorysetup-bucket-allocator-block-size=33554432"
    "memorysetup-bucket-allocator-block-count=8"
    "memorysetup-main-allocator-block-size=16777216"
    "memorysetup-thread-allocator-block-size=16777216"
    "memorysetup-gfx-main-allocator-block-size=16777216"
    "memorysetup-gfx-thread-allocator-block-size=16777216"
    "memorysetup-cache-allocator-block-size=4194304"
    "memorysetup-typetree-allocator-block-size=2097152"
    "memorysetup-profiler-bucket-allocator-granularity=16"
    "memorysetup-profiler-bucket-allocator-bucket-count=8"
    "memorysetup-profiler-bucket-allocator-block-size=33554432"
    "memorysetup-profiler-bucket-allocator-block-count=8"
    "memorysetup-profiler-allocator-block-size=16777216"
    "memorysetup-profiler-editor-allocator-block-size=1048576"
    "memorysetup-temp-allocator-size-main=16777216"
    "memorysetup-job-temp-allocator-block-size=2097152"
    "memorysetup-job-temp-allocator-block-size-background=1048576"
    "memorysetup-job-temp-allocator-reduction-small-platforms=262144"
    "memorysetup-allocator-temp-initial-block-size-main=262144"
    "memorysetup-allocator-temp-initial-block-size-worker=262144"
    "memorysetup-temp-allocator-size-background-worker=32768"
    "memorysetup-temp-allocator-size-job-worker=262144"
    "memorysetup-temp-allocator-size-preload-manager=33554432"
    "memorysetup-temp-allocator-size-nav-mesh-worker=65536"
    "memorysetup-temp-allocator-size-audio-worker=65536"
    "memorysetup-temp-allocator-size-cloud-worker=32768"
    "memorysetup-temp-allocator-size-gi-baking-worker=262144"
    "memorysetup-temp-allocator-size-gfx=262144"
Player connection [13448] Host "[IP] 192.168.0.9 [Port] 0 [Flags] 2 [Guid] 758373949 [EditorId] 758373949 [Version] 1048832 [Id] WindowsEditor(7,DESKTOP-GOGA4AJ) [Debug] 1 [PackageName] WindowsEditor [ProjectName] Editor" joined multi-casting on [225.0.0.222:54997]...

Player connection [13448] Host "[IP] 192.168.0.9 [Port] 0 [Flags] 2 [Guid] 758373949 [EditorId] 758373949 [Version] 1048832 [Id] WindowsEditor(7,DESKTOP-GOGA4AJ) [Debug] 1 [PackageName] WindowsEditor [ProjectName] Editor" joined alternative multi-casting on [225.0.0.222:34997]...

Refreshing native plugins compatible for Editor in 15.75 ms, found 3 plugins.
Preloading 0 native plugins for Editor in 0.00 ms.
Initialize engine version: 2022.3.4f1 (35713cd46cd7)
[Subsystems] Discovering subsystems at path C:/Program Files/Unity 2022.3.4f1/Editor/Data/Resources/UnitySubsystems
[Subsystems] Discovering subsystems at path C:/Users/msi/Documents/SBS Academy/Photon-Netowrk/Photon Example/Assets
GfxDevice: creating device client; threaded=0; jobified=0
Direct3D:
    Version:  Direct3D 11.0 [level 11.1]
    Renderer: NVIDIA GeForce RTX 4070 Laptop GPU (ID=0x2820)
    Vendor:   NVIDIA
    VRAM:     7963 MB
    Driver:   31.0.15.4633
Initialize mono
Mono path[0] = 'C:/Program Files/Unity 2022.3.4f1/Editor/Data/Managed'
Mono path[1] = 'C:/Program Files/Unity 2022.3.4f1/Editor/Data/MonoBleedingEdge/lib/mono/unityjit-win32'
Mono config path = 'C:/Program Files/Unity 2022.3.4f1/Editor/Data/MonoBleedingEdge/etc'
Using monoOptions --debugger-agent=transport=dt_socket,embedding=1,server=y,suspend=n,address=127.0.0.1:56204
Begin MonoManager ReloadAssembly
Registering precompiled unity dll's ...
Register platform support module: C:/Program Files/Unity 2022.3.4f1/Editor/Data/PlaybackEngines/WindowsStandaloneSupport/UnityEditor.WindowsStandalone.Extensions.dll
Registered in 0.005504 seconds.
- Loaded All Assemblies, in  0.317 seconds
Native extension for WindowsStandalone target not found
Mono: successfully reloaded assembly
- Finished resetting the current domain, in  0.248 seconds
Domain Reload Profiling: 564ms
	BeginReloadAssembly (76ms)
		ExecutionOrderSort (0ms)
		DisableScriptedObjects (0ms)
		BackupInstance (0ms)
		ReleaseScriptingObjects (0ms)
		CreateAndSetChildDomain (1ms)
	RebuildCommonClasses (30ms)
	RebuildNativeTypeToScriptingClass (9ms)
	initialDomainReloadingComplete (57ms)
	LoadAllAssembliesAndSetupDomain (143ms)
		LoadAssemblies (74ms)
		RebuildTransferFunctionScriptingTraits (0ms)
		AnalyzeDomain (135ms)
			TypeCache.Refresh (134ms)
				TypeCache.ScanAssembly (122ms)
			ScanForSourceGeneratedMonoScriptInfo (0ms)
			ResolveRequiredComponents (0ms)
	FinalizeReload (248ms)
		ReleaseScriptCaches (0ms)
		RebuildScriptCaches (0ms)
		SetupLoadedEditorAssemblies (191ms)
			LogAssemblyErrors (0ms)
			InitializePlatformSupportModulesInManaged (9ms)
			SetLoadedEditorAssemblies (8ms)
			RefreshPlugins (0ms)
			BeforeProcessingInitializeOnLoad (2ms)
			ProcessInitializeOnLoadAttributes (127ms)
			ProcessInitializeOnLoadMethodAttributes (45ms)
			AfterProcessingInitializeOnLoad (0ms)
			EditorAssembliesLoaded (0ms)
		ExecutionOrderSort2 (0ms)
		AwakeInstancesAfterBackupRestoration (0ms)
========================================================================
Worker process is ready to serve import requests
Begin MonoManager ReloadAssembly
Symbol file LoadedFromMemory doesn't match image C:\Users\msi\Documents\SBS Academy\Photon-Netowrk\Photon Example\Library\PackageCache\com.unity.visualscripting@1.8.0\Editor\VisualScripting.Core\Dependencies\YamlDotNet\Unity.VisualScripting.YamlDotNet.dll
Symbol file LoadedFromMemory doesn't match image C:\Users\msi\Documents\SBS Academy\Photon-Netowrk\Photon Example\Library\PackageCache\com.unity.visualscripting@1.8.0\Editor\VisualScripting.Core\Dependencies\DotNetZip\Unity.VisualScripting.IonicZip.dll
- Loaded All Assemblies, in  0.924 seconds
Refreshing native plugins compatible for Editor in 5.07 ms, found 3 plugins.
Native extension for WindowsStandalone target not found
Package Manager log level set to [2]
[Package Manager] Server::EnsureServerProcessIsRunning -- launch failed, reason: Unity was launched with the -noUpm command-line argument
[Package Manager] UpmClient::Send -- Unable to send message (not connected to UPM process).
[Package Manager] Cannot connect to Unity Package Manager local server
Mono: successfully reloaded assembly
- Finished resetting the current domain, in  0.659 seconds
Domain Reload Profiling: 1579ms
	BeginReloadAssembly (117ms)
		ExecutionOrderSort (0ms)
		DisableScriptedObjects (4ms)
		BackupInstance (0ms)
		ReleaseScriptingObjects (0ms)
		CreateAndSetChildDomain (20ms)
	RebuildCommonClasses (28ms)
	RebuildNativeTypeToScriptingClass (9ms)
	initialDomainReloadingComplete (42ms)
	LoadAllAssembliesAndSetupDomain (724ms)
		LoadAssemblies (343ms)
		RebuildTransferFunctionScriptingTraits (0ms)
		AnalyzeDomain (430ms)
			TypeCache.Refresh (400ms)
				TypeCache.ScanAssembly (385ms)
			ScanForSourceGeneratedMonoScriptInfo (25ms)
			ResolveRequiredComponents (5ms)
	FinalizeReload (659ms)
		ReleaseScriptCaches (0ms)
		RebuildScriptCaches (0ms)
		SetupLoadedEditorAssemblies (507ms)
			LogAssemblyErrors (0ms)
			InitializePlatformSupportModulesInManaged (5ms)
			SetLoadedEditorAssemblies (3ms)
			RefreshPlugins (0ms)
			BeforeProcessingInitializeOnLoad (54ms)
			ProcessInitializeOnLoadAttributes (419ms)
			ProcessInitializeOnLoadMethodAttributes (19ms)
			AfterProcessingInitializeOnLoad (6ms)
			EditorAssembliesLoaded (0ms)
		ExecutionOrderSort2 (0ms)
		AwakeInstancesAfterBackupRestoration (6ms)
Launched and connected shader compiler UnityShaderCompiler.exe after 0.06 seconds
Refreshing native plugins compatible for Editor in 5.67 ms, found 3 plugins.
Preloading 0 native plugins for Editor in 0.00 ms.
Unloading 3485 Unused Serialized files (Serialized files now loaded: 0)
Unloading 47 unused Assets / (62.0 KB). Loaded Objects now: 3942.
Memory consumption went from 130.7 MB to 130.6 MB.
Total: 3.172200 ms (FindLiveObjects: 0.266000 ms CreateObjectMapping: 0.085700 ms MarkObjects: 2.677800 ms  DeleteObjects: 0.141300 ms)

AssetImportParameters requested are different than current active one (requested -> active):
  custom:container-demuxer-ogg: 62fdf1f143b41e24485cea50d1cbac27 -> 
  custom:video-codec-MediaFoundation-h265: 746d11721c4dcdbdad8f713fa42b33f4 -> 
  custom:video-decoder-ogg-theora: a1e56fd34408186e4bbccfd4996cb3dc -> 
  custom:framework-win-MediaFoundation: 216162199b28c13a410421893ffa2e32 -> 
  custom:CustomObjectIndexerAttribute: 756ad292c208cfabdd7b50bc23989ffe -> 
  custom:container-demuxer-webm: 4f35f7cbe854078d1ac9338744f61a02 -> 
  custom:container-muxer-webm: aa71ff27fc2769a1b78a27578f13a17b -> 
  custom:video-decoder-webm-vp8: 9c59270c3fd7afecdb556c50c9e8de78 -> 
  custom:AudioImporter_EditorPlatform: d09bf68614088b80899f8185d706f6e7 -> 
  custom:video-encoder-webm-vp8: eb34c28f22e8b96e1ab97ce403110664 -> 
  custom:audio-decoder-ogg-vorbis: bf7c407c2cedff20999df2af8eb42d56 -> 
  custom:audio-encoder-webm-vorbis: bf7c407c2cedff20999df2af8eb42d56 -> 
========================================================================
Received Import Request.
  Time since last request: 372740.109159 seconds.
  path: Assets/Zololgo/FlatPoly Floating Islands/Prefabs/Foliage/acacia_B.prefab
  artifactKey: Guid(51f739c1128a66649a9f21334e2d5f14) Importer(815301076,1909f56bfc062723c751e8b465ee728b)
Start importing Assets/Zololgo/FlatPoly Floating Islands/Prefabs/Foliage/acacia_B.prefab using Guid(51f739c1128a66649a9f21334e2d5f14) Importer(815301076,1909f56bfc062723c751e8b465ee728b)  -> (artifact id: 'cdf6a42bcaf397918a071a9f6012d61d') in 0.142199 seconds
Number of updated asset objects reloaded before import = 0
Number of asset objects unloaded after import = 9
========================================================================
Received Import Request.
  Time since last request: 0.000024 seconds.
  path: Assets/Zololgo/FlatPoly Floating Islands/Prefabs/Foliage/pine_D_03.prefab
  artifactKey: Guid(42f1d9a93c09eca4a8cf5e877ea7896c) Importer(815301076,1909f56bfc062723c751e8b465ee728b)
Start importing Assets/Zololgo/FlatPoly Floating Islands/Prefabs/Foliage/pine_D_03.prefab using Guid(42f1d9a93c09eca4a8cf5e877ea7896c) Importer(815301076,1909f56bfc062723c751e8b465ee728b)  -> (artifact id: '3d64718f47713e2f9929d0ca4da60d1f') in 0.015837 seconds
Number of updated asset objects reloaded before import = 0
Number of asset objects unloaded after import = 9
========================================================================
Received Import Request.
  Time since last request: 0.000026 seconds.
  path: Assets/Zololgo/FlatPoly Floating Islands/Prefabs/Foliage/pine_B_01.prefab
  artifactKey: Guid(b3d826b50991cc3499d92a449707cd8c) Importer(815301076,1909f56bfc062723c751e8b465ee728b)
Start importing Assets/Zololgo/FlatPoly Floating Islands/Prefabs/Foliage/pine_B_01.prefab using Guid(b3d826b50991cc3499d92a449707cd8c) Importer(815301076,1909f56bfc062723c751e8b465ee728b)  -> (artifact id: 'f44c7f33ef02778148350bde023c17e7') in 0.020415 seconds
Number of updated asset objects reloaded before import = 0
Number of asset objects unloaded after import = 9
========================================================================
Received Import Request.
  Time since last request: 0.000020 seconds.
  path: Assets/Zololgo/FlatPoly Floating Islands/Prefabs/Foliage/pine_A_02.prefab
  artifactKey: Guid(56068eb8623a14c44a413a042d072c96) Importer(815301076,1909f56bfc062723c751e8b465ee728b)
Start importing Assets/Zololgo/FlatPoly Floating Islands/Prefabs/Foliage/pine_A_02.prefab using Guid(56068eb8623a14c44a413a042d072c96) Importer(815301076,1909f56bfc062723c751e8b465ee728b)  -> (artifact id: '7d01d07dfb6f54dd762fdb264221e01b') in 0.019728 seconds
Number of updated asset objects reloaded before import = 0
Number of asset objects unloaded after import = 9
========================================================================
Received Import Request.
  Time since last request: 0.000023 seconds.
  path: Assets/Zololgo/FlatPoly Floating Islands/Prefabs/Foliage/pine_A_03.prefab
  artifactKey: Guid(23d0aeb6c1cea924cabaca13fea73d1c) Importer(815301076,1909f56bfc062723c751e8b465ee728b)
Start importing Assets/Zololgo/FlatPoly Floating Islands/Prefabs/Foliage/pine_A_03.prefab using Guid(23d0aeb6c1cea924cabaca13fea73d1c) Importer(815301076,1909f56bfc062723c751e8b465ee728b)  -> (artifact id: 'ffd84f721b3e440744c518abd44fbbca') in 0.017050 seconds
Number of updated asset objects reloaded before import = 0
Number of asset objects unloaded after import = 9
========================================================================
Received Import Request.
  Time since last request: 0.000018 seconds.
  path: Assets/Zololgo/FlatPoly Floating Islands/Prefabs/Foliage/pine_A_01.prefab
  artifactKey: Guid(6735ecb9a1aac244281c4906409c6d6c) Importer(815301076,1909f56bfc062723c751e8b465ee728b)
Start importing Assets/Zololgo/FlatPoly Floating Islands/Prefabs/Foliage/pine_A_01.prefab using Guid(6735ecb9a1aac244281c4906409c6d6c) Importer(815301076,1909f56bfc062723c751e8b465ee728b)  -> (artifact id: '5ccc0446efb8479df8ae5fdcd6d1097f') in 0.018232 seconds
Number of updated asset objects reloaded before import = 0
Number of asset objects unloaded after import = 9
========================================================================
Received Import Request.
  Time since last request: 0.000019 seconds.
  path: Assets/Zololgo/FlatPoly Floating Islands/Prefabs/Foliage/acacia_C.prefab
  artifactKey: Guid(8ed094e18b702264aa6484d8a09f1630) Importer(815301076,1909f56bfc062723c751e8b465ee728b)
Start importing Assets/Zololgo/FlatPoly Floating Islands/Prefabs/Foliage/acacia_C.prefab using Guid(8ed094e18b702264aa6484d8a09f1630) Importer(815301076,1909f56bfc062723c751e8b465ee728b)  -> (artifact id: '41eb51ea06d0a72bdef622815fca969c') in 0.017649 seconds
Number of updated asset objects reloaded before import = 0
Number of asset objects unloaded after import = 9
========================================================================
Received Import Request.
  Time since last request: 0.000017 seconds.
  path: Assets/Zololgo/FlatPoly Floating Islands/Prefabs/Foliage/pine_B_02.prefab
  artifactKey: Guid(145b9c30bd1da74429578c4c4eb9cd5c) Importer(815301076,1909f56bfc062723c751e8b465ee728b)
Start importing Assets/Zololgo/FlatPoly Floating Islands/Prefabs/Foliage/pine_B_02.prefab using Guid(145b9c30bd1da74429578c4c4eb9cd5c) Importer(815301076,1909f56bfc062723c751e8b465ee728b)  -> (artifact id: '17f6c11409576ea5e8f010a70c07332d') in 0.020399 seconds
Number of updated asset objects reloaded before import = 0
Number of asset objects unloaded after import = 9
========================================================================
Received Import Request.
  Time since last request: 0.000022 seconds.
  path: Assets/Zololgo/FlatPoly Floating Islands/Prefabs/Foliage/pine_C_03.prefab
  artifactKey: Guid(8da175d9cee521042a6da85a39321c0c) Importer(815301076,1909f56bfc062723c751e8b465ee728b)
Start importing Assets/Zololgo/FlatPoly Floating Islands/Prefabs/Foliage/pine_C_03.prefab using Guid(8da175d9cee521042a6da85a39321c0c) Importer(815301076,1909f56bfc062723c751e8b465ee728b)  -> (artifact id: '15baeae30963c53307ebbaacab0eec77') in 0.020905 seconds
Number of updated asset objects reloaded before import = 0
Number of asset objects unloaded after import = 9
========================================================================
Received Import Request.
  Time since last request: 0.000023 seconds.
  path: Assets/Zololgo/FlatPoly Floating Islands/Prefabs/Foliage/pine_C_04.prefab
  artifactKey: Guid(b1baff84876b4e0428d12bcd59a568d6) Importer(815301076,1909f56bfc062723c751e8b465ee728b)
Start importing Assets/Zololgo/FlatPoly Floating Islands/Prefabs/Foliage/pine_C_04.prefab using Guid(b1baff84876b4e0428d12bcd59a568d6) Importer(815301076,1909f56bfc062723c751e8b465ee728b)  -> (artifact id: '7e8efa601ad3f2c78284a6193c773507') in 0.017263 seconds
Number of updated asset objects reloaded before import = 0
Number of asset objects unloaded after import = 9
========================================================================
Received Import Request.
  Time since last request: 2.576205 seconds.
  path: Assets/Zololgo/FlatPoly Floating Islands/Prefabs/Other/bridge_B_01.prefab
  artifactKey: Guid(e8c108bf253ec63448338b75baf770d1) Importer(815301076,1909f56bfc062723c751e8b465ee728b)
Start importing Assets/Zololgo/FlatPoly Floating Islands/Prefabs/Other/bridge_B_01.prefab using Guid(e8c108bf253ec63448338b75baf770d1) Importer(815301076,1909f56bfc062723c751e8b465ee728b)  -> (artifact id: '4ac39b8cfdf77ad40913e07ad94d5185') in 0.020938 seconds
Number of updated asset objects reloaded before import = 0
Number of asset objects unloaded after import = 9
========================================================================
Received Import Request.
  Time since last request: 0.000021 seconds.
  path: Assets/Zololgo/FlatPoly Floating Islands/Prefabs/Other/bridge_C_02.prefab
  artifactKey: Guid(1efeac7eddf55b14298667cc88cbcca7) Importer(815301076,1909f56bfc062723c751e8b465ee728b)
Start importing Assets/Zololgo/FlatPoly Floating Islands/Prefabs/Other/bridge_C_02.prefab using Guid(1efeac7eddf55b14298667cc88cbcca7) Importer(815301076,1909f56bfc062723c751e8b465ee728b)  -> (artifact id: '2fdc7149c8fa04bb6e62a07346ff1def') in 0.017855 seconds
Number of updated asset objects reloaded before import = 0
Number of asset objects unloaded after import = 9
========================================================================
Received Import Request.
  Time since last request: 0.000015 seconds.
  path: Assets/Zololgo/FlatPoly Floating Islands/Prefabs/Other/firewood_A_01.prefab
  artifactKey: Guid(bc686ca8b7246d441a4602fa348f4535) Importer(815301076,1909f56bfc062723c751e8b465ee728b)
Start importing Assets/Zololgo/FlatPoly Floating Islands/Prefabs/Other/firewood_A_01.prefab using Guid(bc686ca8b7246d441a4602fa348f4535) Importer(815301076,1909f56bfc062723c751e8b465ee728b)  -> (artifact id: '6a6bf17379b2894406bbe13ed6ba4ef3') in 0.016376 seconds
Number of updated asset objects reloaded before import = 0
Number of asset objects unloaded after import = 9
========================================================================
Received Import Request.
  Time since last request: 0.000018 seconds.
  path: Assets/Zololgo/FlatPoly Floating Islands/Prefabs/Other/fence_A_01.prefab
  artifactKey: Guid(0dbeee12187018f4aaa131175f93e634) Importer(815301076,1909f56bfc062723c751e8b465ee728b)
Start importing Assets/Zololgo/FlatPoly Floating Islands/Prefabs/Other/fence_A_01.prefab using Guid(0dbeee12187018f4aaa131175f93e634) Importer(815301076,1909f56bfc062723c751e8b465ee728b)  -> (artifact id: '6f37f4b8d4385728521b0f30e30ceaa8') in 0.019179 seconds
Number of updated asset objects reloaded before import = 0
Number of asset objects unloaded after import = 9
========================================================================
Received Import Request.
  Time since last request: 0.000024 seconds.
  path: Assets/Zololgo/FlatPoly Floating Islands/Prefabs/Other/bridge_B_04.prefab
  artifactKey: Guid(41c8196576932494087448c0148bb1e5) Importer(815301076,1909f56bfc062723c751e8b465ee728b)
Start importing Assets/Zololgo/FlatPoly Floating Islands/Prefabs/Other/bridge_B_04.prefab using Guid(41c8196576932494087448c0148bb1e5) Importer(815301076,1909f56bfc062723c751e8b465ee728b)  -> (artifact id: 'b3379379a8b48c35317470d0ecc8f777') in 0.023214 seconds
Number of updated asset objects reloaded before import = 0
Number of asset objects unloaded after import = 9
========================================================================
Received Import Request.
  Time since last request: 0.000020 seconds.
  path: Assets/Zololgo/FlatPoly Floating Islands/Prefabs/Other/cloud_A_02.prefab
  artifactKey: Guid(e07fc9f29d78ca94a9e286395af04b0e) Importer(815301076,1909f56bfc062723c751e8b465ee728b)
Start importing Assets/Zololgo/FlatPoly Floating Islands/Prefabs/Other/cloud_A_02.prefab using Guid(e07fc9f29d78ca94a9e286395af04b0e) Importer(815301076,1909f56bfc062723c751e8b465ee728b)  -> (artifact id: 'e7f4df8b05056829e3afd1570d26beba') in 0.026770 seconds
Number of updated asset objects reloaded before import = 0
Number of asset objects unloaded after import = 9
Editor requested this worker to shutdown with reason: Scaling down because of idle timeout
TcpMessagingSession - receive error: operation aborted. errorcode: 995, details: 스레드 종료 또는 응용 프로그램 요청 때문에 I/O 작업이 취소되었습니다.
AssetImportWorker is now disconnected from the server
Process exiting
Exiting without the bug reporter. Application will terminate with return code 0