Using pre-set license
Built from '2022.3/staging' branch; Version is '2022.3.4f1 (35713cd46cd7) revision 3502396'; Using compiler version '192829333'; Build Type 'Release'
OS: 'Windows 11  (10.0.22631) 64bit Core' Language: 'ko' Physical Memory: 32471 MB
BatchMode: 1, IsHumanControllingUs: 0, StartBugReporterOnCrash: 0, Is64bit: 1, IsPro: 1

COMMAND LINE ARGUMENTS:
C:\Program Files\Unity 2022.3.4f1\Editor\Unity.exe
-adb2
-batchMode
-noUpm
-name
AssetImportWorker0
-projectPath
C:/Users/msi/Documents/SBS Academy/Photon-Netowrk/Photon Example
-logFile
Logs/AssetImportWorker0.log
-srvPort
8047
Successfully changed project path to: C:/Users/msi/Documents/SBS Academy/Photon-Netowrk/Photon Example
C:/Users/msi/Documents/SBS Academy/Photon-Netowrk/Photon Example
[UnityMemory] Configuration Parameters - Can be set up in boot.config
    "memorysetup-bucket-allocator-granularity=16"
    "memorysetup-bucket-allocator-bucket-count=8"
    "memorysetup-bucket-allocator-block-size=33554432"
    "memorysetup-bucket-allocator-block-count=8"
    "memorysetup-main-allocator-block-size=16777216"
    "memorysetup-thread-allocator-block-size=16777216"
    "memorysetup-gfx-main-allocator-block-size=16777216"
    "memorysetup-gfx-thread-allocator-block-size=16777216"
    "memorysetup-cache-allocator-block-size=4194304"
    "memorysetup-typetree-allocator-block-size=2097152"
    "memorysetup-profiler-bucket-allocator-granularity=16"
    "memorysetup-profiler-bucket-allocator-bucket-count=8"
    "memorysetup-profiler-bucket-allocator-block-size=33554432"
    "memorysetup-profiler-bucket-allocator-block-count=8"
    "memorysetup-profiler-allocator-block-size=16777216"
    "memorysetup-profiler-editor-allocator-block-size=1048576"
    "memorysetup-temp-allocator-size-main=16777216"
    "memorysetup-job-temp-allocator-block-size=2097152"
    "memorysetup-job-temp-allocator-block-size-background=1048576"
    "memorysetup-job-temp-allocator-reduction-small-platforms=262144"
    "memorysetup-allocator-temp-initial-block-size-main=262144"
    "memorysetup-allocator-temp-initial-block-size-worker=262144"
    "memorysetup-temp-allocator-size-background-worker=32768"
    "memorysetup-temp-allocator-size-job-worker=262144"
    "memorysetup-temp-allocator-size-preload-manager=33554432"
    "memorysetup-temp-allocator-size-nav-mesh-worker=65536"
    "memorysetup-temp-allocator-size-audio-worker=65536"
    "memorysetup-temp-allocator-size-cloud-worker=32768"
    "memorysetup-temp-allocator-size-gi-baking-worker=262144"
    "memorysetup-temp-allocator-size-gfx=262144"
Player connection [18744] Host "[IP] 192.168.0.9 [Port] 0 [Flags] 2 [Guid] 2630058756 [EditorId] 2630058756 [Version] 1048832 [Id] WindowsEditor(7,DESKTOP-GOGA4AJ) [Debug] 1 [PackageName] WindowsEditor [ProjectName] Editor" joined multi-casting on [225.0.0.222:54997]...

Player connection [18744] Host "[IP] 192.168.0.9 [Port] 0 [Flags] 2 [Guid] 2630058756 [EditorId] 2630058756 [Version] 1048832 [Id] WindowsEditor(7,DESKTOP-GOGA4AJ) [Debug] 1 [PackageName] WindowsEditor [ProjectName] Editor" joined alternative multi-casting on [225.0.0.222:34997]...

Refreshing native plugins compatible for Editor in 15.05 ms, found 3 plugins.
Preloading 0 native plugins for Editor in 0.00 ms.
Initialize engine version: 2022.3.4f1 (35713cd46cd7)
[Subsystems] Discovering subsystems at path C:/Program Files/Unity 2022.3.4f1/Editor/Data/Resources/UnitySubsystems
[Subsystems] Discovering subsystems at path C:/Users/msi/Documents/SBS Academy/Photon-Netowrk/Photon Example/Assets
GfxDevice: creating device client; threaded=0; jobified=0
Direct3D:
    Version:  Direct3D 11.0 [level 11.1]
    Renderer: NVIDIA GeForce RTX 4070 Laptop GPU (ID=0x2820)
    Vendor:   NVIDIA
    VRAM:     7963 MB
    Driver:   31.0.15.4633
Initialize mono
Mono path[0] = 'C:/Program Files/Unity 2022.3.4f1/Editor/Data/Managed'
Mono path[1] = 'C:/Program Files/Unity 2022.3.4f1/Editor/Data/MonoBleedingEdge/lib/mono/unityjit-win32'
Mono config path = 'C:/Program Files/Unity 2022.3.4f1/Editor/Data/MonoBleedingEdge/etc'
Using monoOptions --debugger-agent=transport=dt_socket,embedding=1,server=y,suspend=n,address=127.0.0.1:56504
Begin MonoManager ReloadAssembly
Registering precompiled unity dll's ...
Register platform support module: C:/Program Files/Unity 2022.3.4f1/Editor/Data/PlaybackEngines/WindowsStandaloneSupport/UnityEditor.WindowsStandalone.Extensions.dll
Registered in 0.004794 seconds.
- Loaded All Assemblies, in  0.317 seconds
Native extension for WindowsStandalone target not found
Mono: successfully reloaded assembly
- Finished resetting the current domain, in  0.274 seconds
Domain Reload Profiling: 590ms
	BeginReloadAssembly (83ms)
		ExecutionOrderSort (0ms)
		DisableScriptedObjects (0ms)
		BackupInstance (0ms)
		ReleaseScriptingObjects (0ms)
		CreateAndSetChildDomain (1ms)
	RebuildCommonClasses (35ms)
	RebuildNativeTypeToScriptingClass (10ms)
	initialDomainReloadingComplete (56ms)
	LoadAllAssembliesAndSetupDomain (132ms)
		LoadAssemblies (81ms)
		RebuildTransferFunctionScriptingTraits (0ms)
		AnalyzeDomain (126ms)
			TypeCache.Refresh (125ms)
				TypeCache.ScanAssembly (113ms)
			ScanForSourceGeneratedMonoScriptInfo (0ms)
			ResolveRequiredComponents (1ms)
	FinalizeReload (275ms)
		ReleaseScriptCaches (0ms)
		RebuildScriptCaches (0ms)
		SetupLoadedEditorAssemblies (214ms)
			LogAssemblyErrors (0ms)
			InitializePlatformSupportModulesInManaged (9ms)
			SetLoadedEditorAssemblies (8ms)
			RefreshPlugins (0ms)
			BeforeProcessingInitializeOnLoad (2ms)
			ProcessInitializeOnLoadAttributes (143ms)
			ProcessInitializeOnLoadMethodAttributes (52ms)
			AfterProcessingInitializeOnLoad (0ms)
			EditorAssembliesLoaded (0ms)
		ExecutionOrderSort2 (0ms)
		AwakeInstancesAfterBackupRestoration (0ms)
========================================================================
Worker process is ready to serve import requests
Begin MonoManager ReloadAssembly
Symbol file LoadedFromMemory doesn't match image C:\Users\msi\Documents\SBS Academy\Photon-Netowrk\Photon Example\Library\PackageCache\com.unity.visualscripting@1.8.0\Editor\VisualScripting.Core\Dependencies\YamlDotNet\Unity.VisualScripting.YamlDotNet.dll
Symbol file LoadedFromMemory doesn't match image C:\Users\msi\Documents\SBS Academy\Photon-Netowrk\Photon Example\Library\PackageCache\com.unity.visualscripting@1.8.0\Editor\VisualScripting.Core\Dependencies\DotNetZip\Unity.VisualScripting.IonicZip.dll
- Loaded All Assemblies, in  0.819 seconds
Refreshing native plugins compatible for Editor in 6.71 ms, found 3 plugins.
Native extension for WindowsStandalone target not found
Package Manager log level set to [2]
[Package Manager] Server::EnsureServerProcessIsRunning -- launch failed, reason: Unity was launched with the -noUpm command-line argument
[Package Manager] UpmClient::Send -- Unable to send message (not connected to UPM process).
[Package Manager] Cannot connect to Unity Package Manager local server
Mono: successfully reloaded assembly
- Finished resetting the current domain, in  0.696 seconds
Domain Reload Profiling: 1512ms
	BeginReloadAssembly (132ms)
		ExecutionOrderSort (0ms)
		DisableScriptedObjects (5ms)
		BackupInstance (0ms)
		ReleaseScriptingObjects (0ms)
		CreateAndSetChildDomain (23ms)
	RebuildCommonClasses (31ms)
	RebuildNativeTypeToScriptingClass (10ms)
	initialDomainReloadingComplete (47ms)
	LoadAllAssembliesAndSetupDomain (596ms)
		LoadAssemblies (298ms)
		RebuildTransferFunctionScriptingTraits (0ms)
		AnalyzeDomain (356ms)
			TypeCache.Refresh (330ms)
				TypeCache.ScanAssembly (311ms)
			ScanForSourceGeneratedMonoScriptInfo (21ms)
			ResolveRequiredComponents (5ms)
	FinalizeReload (696ms)
		ReleaseScriptCaches (0ms)
		RebuildScriptCaches (0ms)
		SetupLoadedEditorAssemblies (537ms)
			LogAssemblyErrors (0ms)
			InitializePlatformSupportModulesInManaged (6ms)
			SetLoadedEditorAssemblies (4ms)
			RefreshPlugins (0ms)
			BeforeProcessingInitializeOnLoad (58ms)
			ProcessInitializeOnLoadAttributes (448ms)
			ProcessInitializeOnLoadMethodAttributes (17ms)
			AfterProcessingInitializeOnLoad (5ms)
			EditorAssembliesLoaded (0ms)
		ExecutionOrderSort2 (0ms)
		AwakeInstancesAfterBackupRestoration (5ms)
Launched and connected shader compiler UnityShaderCompiler.exe after 0.04 seconds
Refreshing native plugins compatible for Editor in 5.26 ms, found 3 plugins.
Preloading 0 native plugins for Editor in 0.00 ms.
Unloading 3443 Unused Serialized files (Serialized files now loaded: 0)
Unloading 47 unused Assets / (62.0 KB). Loaded Objects now: 3900.
Memory consumption went from 129.5 MB to 129.5 MB.
Total: 2.371100 ms (FindLiveObjects: 0.175900 ms CreateObjectMapping: 0.072200 ms MarkObjects: 2.029200 ms  DeleteObjects: 0.092900 ms)

AssetImportParameters requested are different than current active one (requested -> active):
  custom:container-demuxer-ogg: 62fdf1f143b41e24485cea50d1cbac27 -> 
  custom:video-codec-MediaFoundation-h265: 746d11721c4dcdbdad8f713fa42b33f4 -> 
  custom:video-decoder-ogg-theora: a1e56fd34408186e4bbccfd4996cb3dc -> 
  custom:framework-win-MediaFoundation: 216162199b28c13a410421893ffa2e32 -> 
  custom:CustomObjectIndexerAttribute: 756ad292c208cfabdd7b50bc23989ffe -> 
  custom:container-demuxer-webm: 4f35f7cbe854078d1ac9338744f61a02 -> 
  custom:container-muxer-webm: aa71ff27fc2769a1b78a27578f13a17b -> 
  custom:video-decoder-webm-vp8: 9c59270c3fd7afecdb556c50c9e8de78 -> 
  custom:AudioImporter_EditorPlatform: d09bf68614088b80899f8185d706f6e7 -> 
  custom:video-encoder-webm-vp8: eb34c28f22e8b96e1ab97ce403110664 -> 
  custom:audio-decoder-ogg-vorbis: bf7c407c2cedff20999df2af8eb42d56 -> 
  custom:audio-encoder-webm-vorbis: bf7c407c2cedff20999df2af8eb42d56 -> 
========================================================================
Received Import Request.
  Time since last request: 369537.924275 seconds.
  path: Assets/Polygonal Metalon/Prefabs/Polygonal Metalon Purple.prefab
  artifactKey: Guid(e9a03d46b76afe246a9ffd58d255bb65) Importer(815301076,1909f56bfc062723c751e8b465ee728b)
Start importing Assets/Polygonal Metalon/Prefabs/Polygonal Metalon Purple.prefab using Guid(e9a03d46b76afe246a9ffd58d255bb65) Importer(815301076,1909f56bfc062723c751e8b465ee728b)  -> (artifact id: '4249a1064f2f3eb7da9f9ac32e7fc208') in 0.237031 seconds
Internal: There are remaining Allocations on the JobTempAlloc. This is a leak, and will impact performance
To Debug, run app with -diag-job-temp-memory-leak-validation cmd line argument. This will output the callstacks of the leaked allocations.
Number of updated asset objects reloaded before import = 0
Number of asset objects unloaded after import = 180
========================================================================
Received Import Request.
  Time since last request: 0.000032 seconds.
  path: Assets/Polygonal Metalon/Prefabs/Polygonal Metalon Green.prefab
  artifactKey: Guid(7f931d4b5c97d194d8726ddf5acdd440) Importer(815301076,1909f56bfc062723c751e8b465ee728b)
Start importing Assets/Polygonal Metalon/Prefabs/Polygonal Metalon Green.prefab using Guid(7f931d4b5c97d194d8726ddf5acdd440) Importer(815301076,1909f56bfc062723c751e8b465ee728b)  -> (artifact id: '5e213ffbfa4e17f9b59ead1e4bb7885c') in 0.042308 seconds
Internal: There are remaining Allocations on the JobTempAlloc. This is a leak, and will impact performance
To Debug, run app with -diag-job-temp-memory-leak-validation cmd line argument. This will output the callstacks of the leaked allocations.
Number of updated asset objects reloaded before import = 0
Number of asset objects unloaded after import = 180
========================================================================
Received Import Request.
  Time since last request: 131.681614 seconds.
  path: Assets/Polygonal Metalon/FBX/Polygonal Metalon.FBX
  artifactKey: Guid(66ca9bf0145725543a1e8a693589f362) Importer(815301076,1909f56bfc062723c751e8b465ee728b)
Start importing Assets/Polygonal Metalon/FBX/Polygonal Metalon.FBX using Guid(66ca9bf0145725543a1e8a693589f362) Importer(815301076,1909f56bfc062723c751e8b465ee728b)  -> (artifact id: '0c4aad275e76784a959c58c171b76628') in 0.088372 seconds
Internal: There are remaining Allocations on the JobTempAlloc. This is a leak, and will impact performance
To Debug, run app with -diag-job-temp-memory-leak-validation cmd line argument. This will output the callstacks of the leaked allocations.
Number of updated asset objects reloaded before import = 0
Number of asset objects unloaded after import = 100
========================================================================
Received Import Request.
  Time since last request: 0.000031 seconds.
  path: Assets/Polygonal Metalon/FBX/Polygonal Metalon@Run Backward W Root.FBX
  artifactKey: Guid(916cdb4d7688f614bb9714a9b184cf61) Importer(815301076,1909f56bfc062723c751e8b465ee728b)
Start importing Assets/Polygonal Metalon/FBX/Polygonal Metalon@Run Backward W Root.FBX using Guid(916cdb4d7688f614bb9714a9b184cf61) Importer(815301076,1909f56bfc062723c751e8b465ee728b)  -> (artifact id: '32aaa683c5025b8bfd5a16fb5cf60e58') in 0.039627 seconds
Internal: There are remaining Allocations on the JobTempAlloc. This is a leak, and will impact performance
To Debug, run app with -diag-job-temp-memory-leak-validation cmd line argument. This will output the callstacks of the leaked allocations.
Number of updated asset objects reloaded before import = 0
Number of asset objects unloaded after import = 101
========================================================================
Received Import Request.
  Time since last request: 0.000049 seconds.
  path: Assets/Polygonal Metalon/FBX/Polygonal Metalon@Defend.FBX
  artifactKey: Guid(6433a82a889b92448abf3bc7e915ebca) Importer(815301076,1909f56bfc062723c751e8b465ee728b)
Start importing Assets/Polygonal Metalon/FBX/Polygonal Metalon@Defend.FBX using Guid(6433a82a889b92448abf3bc7e915ebca) Importer(815301076,1909f56bfc062723c751e8b465ee728b)  -> (artifact id: '46bb94a9297ca4927ce41298e3ca30e9') in 0.038927 seconds
Internal: There are remaining Allocations on the JobTempAlloc. This is a leak, and will impact performance
To Debug, run app with -diag-job-temp-memory-leak-validation cmd line argument. This will output the callstacks of the leaked allocations.
Number of updated asset objects reloaded before import = 0
Number of asset objects unloaded after import = 101
========================================================================
Received Import Request.
  Time since last request: 0.000021 seconds.
  path: Assets/Polygonal Metalon/FBX/Polygonal Metalon@Idle.FBX
  artifactKey: Guid(c87cf6f81b4b72a4eb3acfa19f05bcc7) Importer(815301076,1909f56bfc062723c751e8b465ee728b)
Start importing Assets/Polygonal Metalon/FBX/Polygonal Metalon@Idle.FBX using Guid(c87cf6f81b4b72a4eb3acfa19f05bcc7) Importer(815301076,1909f56bfc062723c751e8b465ee728b)  -> (artifact id: '7dedffb3ed49bb7590471c72221b2434') in 0.040397 seconds
Internal: There are remaining Allocations on the JobTempAlloc. This is a leak, and will impact performance
To Debug, run app with -diag-job-temp-memory-leak-validation cmd line argument. This will output the callstacks of the leaked allocations.
Number of updated asset objects reloaded before import = 0
Number of asset objects unloaded after import = 101
========================================================================
Received Import Request.
  Time since last request: 0.000012 seconds.
  path: Assets/Polygonal Metalon/FBX/Polygonal Metalon@Strafe Left W Root.FBX
  artifactKey: Guid(d5a310ef9b4546a48a9af98fc33e1fbe) Importer(815301076,1909f56bfc062723c751e8b465ee728b)
Start importing Assets/Polygonal Metalon/FBX/Polygonal Metalon@Strafe Left W Root.FBX using Guid(d5a310ef9b4546a48a9af98fc33e1fbe) Importer(815301076,1909f56bfc062723c751e8b465ee728b)  -> (artifact id: '8c559fccd51fd476abce3e5853f26142') in 0.038039 seconds
Internal: JobTempAlloc has allocations that are more than the maximum lifespan of 4 frames old - this is not allowed and likely a leak
To Debug, run app with -diag-job-temp-memory-leak-validation cmd line argument. This will output the callstacks of the leaked allocations.
Internal: There are remaining Allocations on the JobTempAlloc. This is a leak, and will impact performance
To Debug, run app with -diag-job-temp-memory-leak-validation cmd line argument. This will output the callstacks of the leaked allocations.
Number of updated asset objects reloaded before import = 0
Number of asset objects unloaded after import = 101
========================================================================
Received Import Request.
  Time since last request: 0.000015 seconds.
  path: Assets/Polygonal Metalon/FBX/Polygonal Metalon@Die.FBX
  artifactKey: Guid(f98e921a4bf7e9644ad07becaccbf218) Importer(815301076,1909f56bfc062723c751e8b465ee728b)
Start importing Assets/Polygonal Metalon/FBX/Polygonal Metalon@Die.FBX using Guid(f98e921a4bf7e9644ad07becaccbf218) Importer(815301076,1909f56bfc062723c751e8b465ee728b)  -> (artifact id: '4bbad290fdf75fd1c9f74811a7ce44b2') in 0.041200 seconds
Internal: There are remaining Allocations on the JobTempAlloc. This is a leak, and will impact performance
To Debug, run app with -diag-job-temp-memory-leak-validation cmd line argument. This will output the callstacks of the leaked allocations.
Number of updated asset objects reloaded before import = 0
Number of asset objects unloaded after import = 101
========================================================================
Received Import Request.
  Time since last request: 0.000018 seconds.
  path: Assets/Polygonal Metalon/FBX/Polygonal Metalon@Run Backward In Place.FBX
  artifactKey: Guid(6cb6b8fadf3f07d40aa719fb0e3a6050) Importer(815301076,1909f56bfc062723c751e8b465ee728b)
Start importing Assets/Polygonal Metalon/FBX/Polygonal Metalon@Run Backward In Place.FBX using Guid(6cb6b8fadf3f07d40aa719fb0e3a6050) Importer(815301076,1909f56bfc062723c751e8b465ee728b)  -> (artifact id: '36ee164cc29cd9feb59a090ce5098a41') in 0.038388 seconds
Internal: There are remaining Allocations on the JobTempAlloc. This is a leak, and will impact performance
To Debug, run app with -diag-job-temp-memory-leak-validation cmd line argument. This will output the callstacks of the leaked allocations.
Number of updated asset objects reloaded before import = 0
Number of asset objects unloaded after import = 101
========================================================================
Received Import Request.
  Time since last request: 0.000024 seconds.
  path: Assets/Polygonal Metalon/FBX/Polygonal Metalon@Strafe Right W Root.FBX
  artifactKey: Guid(c0c6345aa9498424fb7a4a88b0ea4434) Importer(815301076,1909f56bfc062723c751e8b465ee728b)
Start importing Assets/Polygonal Metalon/FBX/Polygonal Metalon@Strafe Right W Root.FBX using Guid(c0c6345aa9498424fb7a4a88b0ea4434) Importer(815301076,1909f56bfc062723c751e8b465ee728b)  -> (artifact id: 'b1ec8cac27cae277f86ed7f7e39b1c8e') in 0.035067 seconds
Internal: There are remaining Allocations on the JobTempAlloc. This is a leak, and will impact performance
To Debug, run app with -diag-job-temp-memory-leak-validation cmd line argument. This will output the callstacks of the leaked allocations.
Number of updated asset objects reloaded before import = 0
Number of asset objects unloaded after import = 101
========================================================================
Received Import Request.
  Time since last request: 0.000032 seconds.
  path: Assets/Polygonal Metalon/FBX/Polygonal Metalon@Strafe Left In Place.FBX
  artifactKey: Guid(93d17616636e4344ba731f98af433285) Importer(815301076,1909f56bfc062723c751e8b465ee728b)
Start importing Assets/Polygonal Metalon/FBX/Polygonal Metalon@Strafe Left In Place.FBX using Guid(93d17616636e4344ba731f98af433285) Importer(815301076,1909f56bfc062723c751e8b465ee728b)  -> (artifact id: '914e490f25e7c1c027df9178c986db27') in 0.040283 seconds
Internal: There are remaining Allocations on the JobTempAlloc. This is a leak, and will impact performance
To Debug, run app with -diag-job-temp-memory-leak-validation cmd line argument. This will output the callstacks of the leaked allocations.
Number of updated asset objects reloaded before import = 0
Number of asset objects unloaded after import = 101
Editor requested this worker to shutdown with reason: Scaling down because of idle timeout
TcpMessagingSession - receive error: operation aborted. errorcode: 995, details: 스레드 종료 또는 응용 프로그램 요청 때문에 I/O 작업이 취소되었습니다.
AssetImportWorker is now disconnected from the server
Process exiting
Exiting without the bug reporter. Application will terminate with return code 0